<?xml version="1.0" encoding="UTF-8"?>
<!-- Generated by org.testng.reporters.JUnitXMLReporter -->
<testsuite hostname="CACVSAL-5LTW0F1" name="Default test" tests="3" failures="0" timestamp="2 Nov 2012 22:43:19 GMT" time="0.069" errors="0">
  <testcase name="testDealLetters" time="0.036" classname="com.mktneutral.citydata.test.server.batch.PlayerTest"/>
  <testcase name="testGetName" time="0.001" classname="com.mktneutral.citydata.test.server.batch.PlayerTest"/>
  <testcase name="testGetScore" time="0.0" classname="com.mktneutral.citydata.test.server.batch.PlayerTest"/>
</testsuite> <!-- Default test -->
