<?xml version="1.0" encoding="UTF-8"?>
<!-- Generated by org.testng.reporters.JUnitXMLReporter -->
<testsuite hostname="CACVSAL-5LTW0F1" name="Default test" tests="4" failures="0" timestamp="2 Nov 2012 21:58:52 GMT" time="0.063" errors="0">
  <testcase name="testCompareTo" time="0.041" classname="com.mktneutral.citydata.test.server.batch.LetterTest"/>
  <testcase name="testGetFrequency" time="0.0" classname="com.mktneutral.citydata.test.server.batch.LetterTest"/>
  <testcase name="testGetLetter" time="0.0" classname="com.mktneutral.citydata.test.server.batch.LetterTest"/>
  <testcase name="testGetScoreValue" time="0.0" classname="com.mktneutral.citydata.test.server.batch.LetterTest"/>
</testsuite> <!-- Default test -->
