<?xml version="1.0" encoding="UTF-8"?>
<testng-results skipped="0" failed="0" total="1" passed="1">
  <reporter-output>
  </reporter-output>
  <suite name="Default suite" duration-ms="63" started-at="2012-11-02T23:58:25Z" finished-at="2012-11-02T23:58:25Z">
    <groups>
    </groups>
    <test name="Default test" duration-ms="63" started-at="2012-11-02T23:58:25Z" finished-at="2012-11-02T23:58:25Z">
      <class name="com.mktneutral.citydata.test.server.batch.WWFTest">
        <test-method status="PASS" signature="testSetAlphabet()[pri:0, instance:com.mktneutral.citydata.test.server.batch.WWFTest@60bffa22]" name="testSetAlphabet" duration-ms="17" started-at="2012-11-02T16:58:25Z" finished-at="2012-11-02T16:58:25Z">
          <reporter-output>
          </reporter-output>
        </test-method> <!-- testSetAlphabet -->
      </class> <!-- com.mktneutral.citydata.test.server.batch.WWFTest -->
    </test> <!-- Default test -->
  </suite> <!-- Default suite -->
</testng-results>
